<?xml version="1.0" encoding="UTF-8"?>
<!-- Generated by org.testng.reporters.JUnitReportReporter -->
<testsuite skipped="0" hostname="LAPTOP-DHRUVANSH" name="com.UTCL.testcases.TC_Loginpage_001" tests="1" failures="0" timestamp="2022-11-09T21:12:19 IST" time="7.719" errors="0">
  <testcase name="logintest" time="7.719" classname="com.UTCL.testcases.TC_Loginpage_001"/>
  <system-out/>
</testsuite> <!-- com.UTCL.testcases.TC_Loginpage_001 -->
